This file contains any messages produced by compilers while
running configure, to aid debugging if configure makes a mistake.

It was created by camlimages configure 3.2.0, which was
generated by GNU Autoconf 2.61.  Invocation command line was

  $ ./configure 

## --------- ##
## Platform. ##
## --------- ##

hostname = myhost
uname -m = x86_64
uname -r = 2.6.39-ARCH
uname -s = Linux
uname -v = #1 SMP PREEMPT Sat Jul 9 14:57:41 CEST 2011

/usr/bin/uname -p = unknown
/bin/uname -X     = unknown

/bin/arch              = x86_64
/usr/bin/arch -k       = unknown
/usr/convex/getsysinfo = unknown
/usr/bin/hostinfo      = unknown
/bin/machine           = unknown
/usr/bin/oslevel       = unknown
/bin/universe          = unknown

PATH: /home/serp/bin
PATH: /usr/local/bin
PATH: /usr/bin
PATH: /bin
PATH: /usr/local/sbin
PATH: /usr/sbin
PATH: /sbin
PATH: /usr/bin/core_perl


## ----------- ##
## Core tests. ##
## ----------- ##

configure:1866: checking for a BSD-compatible install
configure:1922: result: /bin/install -c
configure:1933: checking whether build environment is sane
configure:1976: result: yes
configure:2000: WARNING: `missing' script is too old or missing
configure:2041: checking for gawk
configure:2057: found /usr/bin/gawk
configure:2068: result: gawk
configure:2079: checking whether make sets $(MAKE)
configure:2100: result: yes
configure:2284: checking whether to enable maintainer-specific portions of Makefiles
configure:2293: result: no
configure:2332: checking for ocamlc
configure:2350: found /usr/bin/ocamlc
configure:2362: result: /usr/bin/ocamlc
configure:2378: checking for OCaml version
configure:2386: result: 3.12.0
configure:2393: checking whether OCaml version >= 3.08
configure:2435: result: yes
configure:2446: checking for OCaml library path
configure:2454: result: /usr/lib/ocaml
configure:2463: checking for ocamlc.opt
configure:2481: found /usr/bin/ocamlc.opt
configure:2493: result: /usr/bin/ocamlc.opt
configure:2509: checking wether ocamlc.opt version = 3.12.0
configure:2524: result: yes
configure:2546: checking for ocamlopt
configure:2564: found /usr/bin/ocamlopt
configure:2576: result: /usr/bin/ocamlopt
configure:2592: checking wether ocamlopt version = 3.12.0
configure:2607: result: yes
configure:2621: checking if OCaml C compiler works
configure:2637: result: yes
configure:2652: checking for ocamlopt.opt
configure:2670: found /usr/bin/ocamlopt.opt
configure:2682: result: /usr/bin/ocamlopt.opt
configure:2698: checking wether ocamlopt.opt version = 3.12.0
configure:2713: result: yes
configure:2735: checking for ocamldep
configure:2753: found /usr/bin/ocamldep
configure:2765: result: /usr/bin/ocamldep
configure:2784: checking for ocamldep.opt
configure:2802: found /usr/bin/ocamldep.opt
configure:2814: result: /usr/bin/ocamldep.opt
configure:2842: checking for ocamlmklib
configure:2860: found /usr/bin/ocamlmklib
configure:2872: result: /usr/bin/ocamlmklib
configure:2891: checking for ocamlmklib.opt
configure:2924: result: no
configure:2951: checking wether to build native library
configure:2955: result: yes
configure:2988: checking wether to build bytecode library
configure:2992: result: yes
configure:3066: checking for gcc
configure:3082: found /usr/bin/gcc
configure:3093: result: gcc
configure:3331: checking for C compiler version
configure:3338: gcc --version >&5
gcc (GCC) 4.6.1
Copyright (C) 2011 Free Software Foundation, Inc.
This is free software; see the source for copying conditions.  There is NO
warranty; not even for MERCHANTABILITY or FITNESS FOR A PARTICULAR PURPOSE.

configure:3341: $? = 0
configure:3348: gcc -v >&5
Using built-in specs.
COLLECT_GCC=gcc
COLLECT_LTO_WRAPPER=/usr/lib/gcc/x86_64-unknown-linux-gnu/4.6.1/lto-wrapper
Target: x86_64-unknown-linux-gnu
Configured with: /build/src/gcc-4.6.1/configure --prefix=/usr --libdir=/usr/lib --libexecdir=/usr/lib --mandir=/usr/share/man --infodir=/usr/share/info --with-bugurl=https://bugs.archlinux.org/ --enable-languages=c,c++,ada,fortran,go,lto,objc,obj-c++ --enable-shared --enable-threads=posix --with-system-zlib --enable-__cxa_atexit --disable-libunwind-exceptions --enable-clocale=gnu --enable-gnu-unique-object --enable-linker-build-id --with-ppl --enable-cloog-backend=isl --enable-lto --enable-gold --enable-ld=default --enable-plugin --with-plugin-ld=ld.gold --disable-multilib --disable-libstdcxx-pch --enable-checking=release
Thread model: posix
gcc version 4.6.1 (GCC) 
configure:3351: $? = 0
configure:3358: gcc -V >&5
gcc: error: unrecognized option '-V'
gcc: fatal error: no input files
compilation terminated.
configure:3361: $? = 1
configure:3384: checking for C compiler default output file name
configure:3411: gcc    conftest.c  >&5
configure:3414: $? = 0
configure:3452: result: a.out
configure:3469: checking whether the C compiler works
configure:3479: ./a.out
configure:3482: $? = 0
configure:3499: result: yes
configure:3506: checking whether we are cross compiling
configure:3508: result: no
configure:3511: checking for suffix of executables
configure:3518: gcc -o conftest    conftest.c  >&5
configure:3521: $? = 0
configure:3545: result: 
configure:3551: checking for suffix of object files
configure:3577: gcc -c   conftest.c >&5
configure:3580: $? = 0
configure:3603: result: o
configure:3607: checking whether we are using the GNU C compiler
configure:3636: gcc -c   conftest.c >&5
configure:3642: $? = 0
configure:3659: result: yes
configure:3664: checking whether gcc accepts -g
configure:3694: gcc -c -g  conftest.c >&5
configure:3700: $? = 0
configure:3799: result: yes
configure:3816: checking for gcc option to accept ISO C89
configure:3890: gcc  -c -g -O2  conftest.c >&5
configure:3896: $? = 0
configure:3919: result: none needed
configure:3948: checking for style of include used by make
configure:3976: result: GNU
configure:4004: checking dependency style of gcc
configure:4094: result: none
configure:4119: checking how to run the C preprocessor
configure:4159: gcc -E  conftest.c
configure:4165: $? = 0
configure:4196: gcc -E  conftest.c
conftest.c:10:28: fatal error: ac_nonexistent.h: No such file or directory
compilation terminated.
configure:4202: $? = 1
configure: failed program was:
| /* confdefs.h.  */
| #define PACKAGE_NAME "camlimages"
| #define PACKAGE_TARNAME "camlimages"
| #define PACKAGE_VERSION "3.2.0"
| #define PACKAGE_STRING "camlimages 3.2.0"
| #define PACKAGE_BUGREPORT "use-omake-to-be-supported@nowhere.com"
| #define PACKAGE "camlimages"
| #define VERSION "3.2.0"
| /* end confdefs.h.  */
| #include <ac_nonexistent.h>
configure:4235: result: gcc -E
configure:4264: gcc -E  conftest.c
configure:4270: $? = 0
configure:4301: gcc -E  conftest.c
conftest.c:10:28: fatal error: ac_nonexistent.h: No such file or directory
compilation terminated.
configure:4307: $? = 1
configure: failed program was:
| /* confdefs.h.  */
| #define PACKAGE_NAME "camlimages"
| #define PACKAGE_TARNAME "camlimages"
| #define PACKAGE_VERSION "3.2.0"
| #define PACKAGE_STRING "camlimages 3.2.0"
| #define PACKAGE_BUGREPORT "use-omake-to-be-supported@nowhere.com"
| #define PACKAGE "camlimages"
| #define VERSION "3.2.0"
| /* end confdefs.h.  */
| #include <ac_nonexistent.h>
configure:4345: checking for grep that handles long lines and -e
configure:4419: result: /bin/grep
configure:4424: checking for egrep
configure:4502: result: /bin/grep -E
configure:4507: checking for ANSI C header files
configure:4537: gcc -c -g -O2  conftest.c >&5
configure:4543: $? = 0
configure:4642: gcc -o conftest -g -O2   conftest.c  >&5
configure:4645: $? = 0
configure:4651: ./conftest
configure:4654: $? = 0
configure:4671: result: yes
configure:4695: checking for sys/types.h
configure:4716: gcc -c -g -O2  conftest.c >&5
configure:4722: $? = 0
configure:4738: result: yes
configure:4695: checking for sys/stat.h
configure:4716: gcc -c -g -O2  conftest.c >&5
configure:4722: $? = 0
configure:4738: result: yes
configure:4695: checking for stdlib.h
configure:4716: gcc -c -g -O2  conftest.c >&5
configure:4722: $? = 0
configure:4738: result: yes
configure:4695: checking for string.h
configure:4716: gcc -c -g -O2  conftest.c >&5
configure:4722: $? = 0
configure:4738: result: yes
configure:4695: checking for memory.h
configure:4716: gcc -c -g -O2  conftest.c >&5
configure:4722: $? = 0
configure:4738: result: yes
configure:4695: checking for strings.h
configure:4716: gcc -c -g -O2  conftest.c >&5
configure:4722: $? = 0
configure:4738: result: yes
configure:4695: checking for inttypes.h
configure:4716: gcc -c -g -O2  conftest.c >&5
configure:4722: $? = 0
configure:4738: result: yes
configure:4695: checking for stdint.h
configure:4716: gcc -c -g -O2  conftest.c >&5
configure:4722: $? = 0
configure:4738: result: yes
configure:4695: checking for unistd.h
configure:4716: gcc -c -g -O2  conftest.c >&5
configure:4722: $? = 0
configure:4738: result: yes
configure:4750: checking for long
configure:4780: gcc -c -g -O2  conftest.c >&5
configure:4786: $? = 0
configure:4801: result: yes
configure:4808: checking size of long
configure:5110: gcc -o conftest -g -O2   conftest.c  >&5
configure:5113: $? = 0
configure:5119: ./conftest
configure:5122: $? = 0
configure:5145: result: 8
configure:5159: checking for X
configure:5274: gcc -E  conftest.c
configure:5280: $? = 0
configure:5329: gcc -o conftest -g -O2   conftest.c -lX11  >&5
configure:5335: $? = 0
configure:5394: result: libraries , headers 
configure:5555: gcc -o conftest -g -O2   conftest.c   -lX11 >&5
configure:5561: $? = 0
configure:5718: checking for gethostbyname
configure:5774: gcc -o conftest -g -O2   conftest.c  >&5
configure:5780: $? = 0
configure:5797: result: yes
configure:5942: checking for connect
configure:5998: gcc -o conftest -g -O2   conftest.c  >&5
configure:6004: $? = 0
configure:6021: result: yes
configure:6093: checking for remove
configure:6149: gcc -o conftest -g -O2   conftest.c  >&5
configure:6155: $? = 0
configure:6172: result: yes
configure:6244: checking for shmat
configure:6300: gcc -o conftest -g -O2   conftest.c  >&5
configure:6306: $? = 0
configure:6323: result: yes
configure:6404: checking for IceConnectionNumber in -lICE
configure:6439: gcc -o conftest -g -O2   conftest.c -lICE   >&5
configure:6445: $? = 0
configure:6463: result: yes
configure:6480: checking for ocamlfind
configure:6498: found /usr/bin/ocamlfind
configure:6511: result: /usr/bin/ocamlfind
configure:6565: checking lablgtk
configure:6607: result: not found
configure:6644: checking lablgtk2
configure:6677: result: not found
configure:6728: checking gif_lib.h usability
configure:6745: gcc -c -g -O2  conftest.c >&5
configure:6751: $? = 0
configure:6765: result: yes
configure:6769: checking gif_lib.h presence
configure:6784: gcc -E  conftest.c
configure:6790: $? = 0
configure:6804: result: yes
configure:6837: checking for gif_lib.h
configure:6844: result: yes
configure:6849: checking for DGifOpenFileName in -lgif
configure:6884: gcc -o conftest -g -O2   conftest.c -lgif   >&5
configure:6890: $? = 0
configure:6908: result: yes
configure:6991: checking if gif bug is fixed
configure:7024: gcc -o conftest -g -O2   -lgif conftest.c  >&5
configure:7027: $? = 0
configure:7033: ./conftest
configure:7036: $? = 0
configure:7043: result: yes
configure:7111: checking png.h usability
configure:7128: gcc -c -g -O2  conftest.c >&5
configure:7134: $? = 0
configure:7148: result: yes
configure:7152: checking png.h presence
configure:7167: gcc -E  conftest.c
configure:7173: $? = 0
configure:7187: result: yes
configure:7220: checking for png.h
configure:7227: result: yes
configure:7232: checking for png_create_read_struct in -lpng
configure:7268: gcc -o conftest -g -O2   conftest.c -lpng -lz
	  >&5
configure:7274: $? = 0
configure:7292: result: yes
configure:7351: checking jpeglib.h usability
configure:7368: gcc -c -g -O2  conftest.c >&5
configure:7374: $? = 0
configure:7388: result: yes
configure:7392: checking jpeglib.h presence
configure:7407: gcc -E  conftest.c
configure:7413: $? = 0
configure:7427: result: yes
configure:7460: checking for jpeglib.h
configure:7467: result: yes
configure:7472: checking for jpeg_read_header in -ljpeg
configure:7507: gcc -o conftest -g -O2   conftest.c -ljpeg   >&5
configure:7513: $? = 0
configure:7531: result: yes
configure:7591: checking tiffio.h usability
configure:7608: gcc -c -g -O2  conftest.c >&5
configure:7614: $? = 0
configure:7628: result: yes
configure:7632: checking tiffio.h presence
configure:7647: gcc -E  conftest.c
configure:7653: $? = 0
configure:7667: result: yes
configure:7700: checking for tiffio.h
configure:7707: result: yes
configure:7712: checking for TIFFOpen in -ltiff
configure:7748: gcc -o conftest -g -O2   conftest.c -ltiff -lz -ljpeg
	  >&5
configure:7754: $? = 0
configure:7772: result: yes
configure:7835: checking X11/xpm.h usability
configure:7852: gcc -c -g -O2   conftest.c >&5
configure:7858: $? = 0
configure:7872: result: yes
configure:7876: checking X11/xpm.h presence
configure:7891: gcc -E  conftest.c
configure:7897: $? = 0
configure:7911: result: yes
configure:7944: checking for X11/xpm.h
configure:7951: result: yes
configure:7956: checking for XpmReadFileToXpmImage in -lXpm
configure:7992: gcc -o conftest -g -O2     conftest.c -lXpm  -lSM -lICE -lX11 
	  >&5
configure:7998: $? = 0
configure:8016: result: yes
configure:8072: checking for freetype-config
configure:8090: found /usr/bin/freetype-config
configure:8102: result: /usr/bin/freetype-config
configure:8155: checking for gs
configure:8173: found /usr/bin/gs
configure:8185: result: /usr/bin/gs
configure:8434: creating ./config.status

## ---------------------- ##
## Running config.status. ##
## ---------------------- ##

This file was extended by camlimages config.status 3.2.0, which was
generated by GNU Autoconf 2.61.  Invocation command line was

  CONFIG_FILES    = 
  CONFIG_HEADERS  = 
  CONFIG_LINKS    = 
  CONFIG_COMMANDS = 
  $ ./config.status 

on myhost

config.status:716: creating src/META
config.status:702: error: cannot find input file: Makefile.in

## ---------------- ##
## Cache variables. ##
## ---------------- ##

ac_cv_c_compiler_gnu=yes
ac_cv_env_CC_set=
ac_cv_env_CC_value=
ac_cv_env_CFLAGS_set=
ac_cv_env_CFLAGS_value=
ac_cv_env_CPPFLAGS_set=
ac_cv_env_CPPFLAGS_value=
ac_cv_env_CPP_set=
ac_cv_env_CPP_value=
ac_cv_env_LDFLAGS_set=
ac_cv_env_LDFLAGS_value=
ac_cv_env_LIBS_set=
ac_cv_env_LIBS_value=
ac_cv_env_OCAMLCFLAGS_set=
ac_cv_env_OCAMLCFLAGS_value=
ac_cv_env_XMKMF_set=
ac_cv_env_XMKMF_value=
ac_cv_env_build_alias_set=
ac_cv_env_build_alias_value=
ac_cv_env_host_alias_set=
ac_cv_env_host_alias_value=
ac_cv_env_target_alias_set=
ac_cv_env_target_alias_value=
ac_cv_func_connect=yes
ac_cv_func_gethostbyname=yes
ac_cv_func_remove=yes
ac_cv_func_shmat=yes
ac_cv_have_x='have_x=yes	ac_x_includes='\'''\''	ac_x_libraries='\'''\'''
ac_cv_header_X11_xpm_h=yes
ac_cv_header_gif_lib_h=yes
ac_cv_header_inttypes_h=yes
ac_cv_header_jpeglib_h=yes
ac_cv_header_memory_h=yes
ac_cv_header_png_h=yes
ac_cv_header_stdc=yes
ac_cv_header_stdint_h=yes
ac_cv_header_stdlib_h=yes
ac_cv_header_string_h=yes
ac_cv_header_strings_h=yes
ac_cv_header_sys_stat_h=yes
ac_cv_header_sys_types_h=yes
ac_cv_header_tiffio_h=yes
ac_cv_header_unistd_h=yes
ac_cv_lib_ICE_IceConnectionNumber=yes
ac_cv_lib_Xpm_XpmReadFileToXpmImage=yes
ac_cv_lib_gif_DGifOpenFileName=yes
ac_cv_lib_jpeg_jpeg_read_header=yes
ac_cv_lib_png_png_create_read_struct=yes
ac_cv_lib_tiff_TIFFOpen=yes
ac_cv_objext=o
ac_cv_ocaml_OCAMLC_OPT_version_ok=yes
ac_cv_ocaml_OCAMLOPT_OPT_version_ok=yes
ac_cv_ocaml_OCAMLOPT_version_ok=yes
ac_cv_ocaml_c_compiler_works=yes
ac_cv_ocaml_library_path=/usr/lib/ocaml
ac_cv_ocaml_version=3.12.0
ac_cv_ocaml_version_enough=yes
ac_cv_path_EGREP='/bin/grep -E'
ac_cv_path_FREETYPE_CONFIG=/usr/bin/freetype-config
ac_cv_path_GREP=/bin/grep
ac_cv_path_GS=/usr/bin/gs
ac_cv_path_OCAMLC=/usr/bin/ocamlc
ac_cv_path_OCAMLC_OPT=/usr/bin/ocamlc.opt
ac_cv_path_OCAMLDEP=/usr/bin/ocamldep
ac_cv_path_OCAMLDEP_OPT=/usr/bin/ocamldep.opt
ac_cv_path_OCAMLMKLIB=/usr/bin/ocamlmklib
ac_cv_path_OCAMLOPT=/usr/bin/ocamlopt
ac_cv_path_OCAMLOPT_OPT=/usr/bin/ocamlopt.opt
ac_cv_path_PATH_OCAMLFIND=/usr/bin/ocamlfind
ac_cv_path_install='/bin/install -c'
ac_cv_prog_AWK=gawk
ac_cv_prog_CPP='gcc -E'
ac_cv_prog_ac_ct_CC=gcc
ac_cv_prog_cc_c89=
ac_cv_prog_cc_g=yes
ac_cv_prog_make_make_set=yes
ac_cv_sizeof_long=8
ac_cv_type_long=yes
am_cv_CC_dependencies_compiler_type=none

## ----------------- ##
## Output variables. ##
## ----------------- ##

ACLOCAL='aclocal-1.9'
AMDEPBACKSLASH='\'
AMDEP_FALSE='#'
AMDEP_TRUE=''
AMTAR='tar'
AUTOCONF='autoconf'
AUTOHEADER='autoheader'
AUTOMAKE='automake-1.9'
AWK='gawk'
BUILD_BYTECODE_FALSE='#'
BUILD_BYTECODE_TRUE=''
BUILD_NATIVE_FALSE='#'
BUILD_NATIVE_TRUE=''
CC='gcc'
CCDEPMODE='depmode=none'
CFLAGS='-g -O2'
CPP='gcc -E'
CPPFLAGS=''
CYGPATH_W='echo'
DEFS='-DHAVE_CONFIG_H'
DEPDIR='.deps'
ECHO_C=''
ECHO_N='-n'
ECHO_T=''
EGREP='/bin/grep -E'
EXEEXT=''
FREETYPE_CONFIG='/usr/bin/freetype-config'
GREP='/bin/grep'
GS='/usr/bin/gs'
HAVE_FREETYPE_FALSE='#'
HAVE_FREETYPE_TRUE=''
HAVE_GIF_FALSE='#'
HAVE_GIF_TRUE=''
HAVE_JPEG_FALSE='#'
HAVE_JPEG_TRUE=''
HAVE_LABLGTK2_FALSE=''
HAVE_LABLGTK2_TRUE='#'
HAVE_LABLGTK_FALSE=''
HAVE_LABLGTK_TRUE='#'
HAVE_PNG_FALSE='#'
HAVE_PNG_TRUE=''
HAVE_PS_FALSE='#'
HAVE_PS_TRUE=''
HAVE_TIFF_FALSE='#'
HAVE_TIFF_TRUE=''
HAVE_XPM_FALSE='#'
HAVE_XPM_TRUE=''
INCFREETYPE='-I/usr/include/freetype2'
INCXPM=''
INSTALL_DATA='${INSTALL} -m 644'
INSTALL_PROGRAM='${INSTALL}'
INSTALL_SCRIPT='${INSTALL}'
INSTALL_STRIP_PROGRAM='${SHELL} $(install_sh) -c -s'
LABLGTK2DIR=''
LABLGTKDIR=''
LDFLAGS=''
LIBFREETYPE='-lfreetype -lz'
LIBGIF='-lgif'
LIBJPEG='-ljpeg'
LIBOBJS=''
LIBPNG='-lpng -lz'
LIBS=''
LIBTIFF='-ltiff -lz -ljpeg'
LIBXPM=' -lXpm  -lSM -lICE -lX11 '
LTLIBOBJS=''
MAINT='#'
MAINTAINER_MODE_FALSE=''
MAINTAINER_MODE_TRUE='#'
MAKEINFO='makeinfo'
OBJEXT='o'
OCAMLC='/usr/bin/ocamlc.opt'
OCAMLCFLAGS=''
OCAMLC_OPT='/usr/bin/ocamlc.opt'
OCAMLDEP='/usr/bin/ocamldep.opt'
OCAMLDEP_OPT='/usr/bin/ocamldep.opt'
OCAMLLIB='/usr/lib/ocaml'
OCAMLMKLIB='/usr/bin/ocamlmklib'
OCAMLMKLIB_OPT=''
OCAMLOPT='/usr/bin/ocamlopt.opt'
OCAMLOPT_OPT='/usr/bin/ocamlopt.opt'
OCAMLSITELIBDIR='/usr/lib/ocaml/site-lib/camlimages'
PACKAGE='camlimages'
PACKAGE_BUGREPORT='use-omake-to-be-supported@nowhere.com'
PACKAGE_NAME='camlimages'
PACKAGE_STRING='camlimages 3.2.0'
PACKAGE_TARNAME='camlimages'
PACKAGE_VERSION='3.2.0'
PATH_OCAMLFIND='/usr/bin/ocamlfind'
PATH_RGB_TXT='none'
PATH_SEPARATOR=':'
REQUIRES=' graphics'
SET_MAKE=''
SHELL='/bin/sh'
STRIP=''
SUPPORT_FREETYPE='true'
SUPPORT_GIF='true'
SUPPORT_JPEG='true'
SUPPORT_PNG='true'
SUPPORT_PS='true'
SUPPORT_TIFF='true'
SUPPORT_XPM='true'
VERSION='3.2.0'
WORD_SIZE='8'
XMKMF=''
X_CFLAGS=''
X_EXTRA_LIBS=''
X_LIBS=''
X_PRE_LIBS=' -lSM -lICE'
ac_ct_CC='gcc'
am__fastdepCC_FALSE=''
am__fastdepCC_TRUE='#'
am__include='include'
am__leading_dot='.'
am__quote=''
am__tar='${AMTAR} chof - "$$tardir"'
am__untar='${AMTAR} xf -'
bindir='${exec_prefix}/bin'
build_alias=''
datadir='${datarootdir}'
datarootdir='${prefix}/share'
docdir='${datarootdir}/doc/${PACKAGE_TARNAME}'
dvidir='${docdir}'
exec_prefix='${prefix}'
host_alias=''
htmldir='${docdir}'
includedir='${prefix}/include'
infodir='${datarootdir}/info'
install_sh='/home/serp/build/camlimages/src/camlspotter-camlimages-c803efa9d5d3/install-sh'
libdir='${exec_prefix}/lib'
libexecdir='${exec_prefix}/libexec'
localedir='${datarootdir}/locale'
localstatedir='${prefix}/var'
mandir='${datarootdir}/man'
mkdir_p='mkdir -p --'
oldincludedir='/usr/include'
pdfdir='${docdir}'
prefix='/usr/local'
program_transform_name='s,x,x,'
psdir='${docdir}'
sbindir='${exec_prefix}/sbin'
sharedstatedir='${prefix}/com'
sysconfdir='${prefix}/etc'
target_alias=''

## ----------- ##
## confdefs.h. ##
## ----------- ##

#define PACKAGE_NAME "camlimages"
#define PACKAGE_TARNAME "camlimages"
#define PACKAGE_VERSION "3.2.0"
#define PACKAGE_STRING "camlimages 3.2.0"
#define PACKAGE_BUGREPORT "use-omake-to-be-supported@nowhere.com"
#define PACKAGE "camlimages"
#define VERSION "3.2.0"
#define STDC_HEADERS 1
#define HAVE_SYS_TYPES_H 1
#define HAVE_SYS_STAT_H 1
#define HAVE_STDLIB_H 1
#define HAVE_STRING_H 1
#define HAVE_MEMORY_H 1
#define HAVE_STRINGS_H 1
#define HAVE_INTTYPES_H 1
#define HAVE_STDINT_H 1
#define HAVE_UNISTD_H 1
#define SIZEOF_LONG 8
#define GIFLIB_BUG_FIXED 1

configure: exit 1
